# JRE version: OpenJDK Runtime Environment (17.0.10) (build 17.0.10+0--11609105)
# Java VM: OpenJDK 64-Bit Server VM (17.0.10+0--11609105, mixed mode, tiered, compressed oops, compressed class ptrs, g1 gc, windows-amd64)
GC Precious Log:
 CPUs: 6 total, 6 available
 Memory: 7581M
 Large Page Support: Disabled
 NUMA Support: Disabled
 Compressed Oops: Enabled (Zero based)
 Heap Region Size: 2M
 Heap Min Capacity: 8M
 Heap Initial Capacity: 120M
 Heap Max Capacity: 4G
 Pre-touch: Disabled
 Parallel Workers: 6
 Concurrent Workers: 2
 Concurrent Refinement Workers: 6
 Periodic GC: Disabled
Heap:
 garbage-first heap   total 94208K, used 73283K [0x0000000700000000, 0x0000000800000000)
  region size 2048K, 20 young (40960K), 1 survivors (2048K)
 Metaspace       used 63832K, committed 64384K, reserved 1114112K
  class space    used 8763K, committed 9024K, reserved 1048576K
GC Heap History (20 events):
Event: 7.161 GC heap before
{Heap before GC invocations=6 (full 0):
 garbage-first heap   total 75776K, used 22809K [0x0000000700000000, 0x0000000800000000)
  region size 2048K, 3 young (6144K), 2 survivors (4096K)
 Metaspace       used 28423K, committed 28736K, reserved 1114112K
  class space    used 3783K, committed 3904K, reserved 1048576K
}
Event: 7.164 GC heap after
{Heap after GC invocations=7 (full 0):
 garbage-first heap   total 75776K, used 20752K [0x0000000700000000, 0x0000000800000000)
  region size 2048K, 1 young (2048K), 1 survivors (2048K)
 Metaspace       used 28423K, committed 28736K, reserved 1114112K
  class space    used 3783K, committed 3904K, reserved 1048576K
}
Event: 7.909 GC heap before
{Heap before GC invocations=7 (full 0):
 garbage-first heap   total 75776K, used 51472K [0x0000000700000000, 0x0000000800000000)
  region size 2048K, 16 young (32768K), 1 survivors (2048K)
 Metaspace       used 32578K, committed 32896K, reserved 1114112K
  class space    used 4466K, committed 4608K, reserved 1048576K
}
Event: 7.911 GC heap after
{Heap after GC invocations=8 (full 0):
 garbage-first heap   total 75776K, used 21840K [0x0000000700000000, 0x0000000800000000)
  region size 2048K, 1 young (2048K), 1 survivors (2048K)
 Metaspace       used 32578K, committed 32896K, reserved 1114112K
  class space    used 4466K, committed 4608K, reserved 1048576K
}
Event: 8.119 GC heap before
{Heap before GC invocations=8 (full 0):
 garbage-first heap   total 75776K, used 32080K [0x0000000700000000, 0x0000000800000000)
  region size 2048K, 7 young (14336K), 1 survivors (2048K)
 Metaspace       used 35742K, committed 35968K, reserved 1114112K
  class space    used 4760K, committed 4864K, reserved 1048576K
}
Event: 8.123 GC heap after
{Heap after GC invocations=9 (full 0):
 garbage-first heap   total 75776K, used 23422K [0x0000000700000000, 0x0000000800000000)
  region size 2048K, 2 young (4096K), 2 survivors (4096K)
 Metaspace       used 35742K, committed 35968K, reserved 1114112K
  class space    used 4760K, committed 4864K, reserved 1048576K
}
Event: 8.531 GC heap before
{Heap before GC invocations=10 (full 0):
 garbage-first heap   total 75776K, used 54142K [0x0000000700000000, 0x0000000800000000)
  region size 2048K, 17 young (34816K), 2 survivors (4096K)
 Metaspace       used 40188K, committed 40512K, reserved 1114112K
  class space    used 5295K, committed 5440K, reserved 1048576K
}
Event: 8.536 GC heap after
{Heap after GC invocations=11 (full 0):
 garbage-first heap   total 75776K, used 27096K [0x0000000700000000, 0x0000000800000000)
  region size 2048K, 3 young (6144K), 3 survivors (6144K)
 Metaspace       used 40188K, committed 40512K, reserved 1114112K
  class space    used 5295K, committed 5440K, reserved 1048576K
}
Event: 8.878 GC heap before
{Heap before GC invocations=11 (full 0):
 garbage-first heap   total 75776K, used 55768K [0x0000000700000000, 0x0000000800000000)
  region size 2048K, 17 young (34816K), 3 survivors (6144K)
 Metaspace       used 42271K, committed 42624K, reserved 1114112K
  class space    used 5495K, committed 5632K, reserved 1048576K
}
Event: 8.882 GC heap after
{Heap after GC invocations=12 (full 0):
 garbage-first heap   total 75776K, used 29315K [0x0000000700000000, 0x0000000800000000)
  region size 2048K, 3 young (6144K), 3 survivors (6144K)
 Metaspace       used 42271K, committed 42624K, reserved 1114112K
  class space    used 5495K, committed 5632K, reserved 1048576K
}
Event: 9.246 GC heap before
{Heap before GC invocations=12 (full 0):
 garbage-first heap   total 75776K, used 57987K [0x0000000700000000, 0x0000000800000000)
  region size 2048K, 17 young (34816K), 3 survivors (6144K)
 Metaspace       used 44847K, committed 45312K, reserved 1114112K
  class space    used 5812K, committed 6016K, reserved 1048576K
}
Event: 9.249 GC heap after
{Heap after GC invocations=13 (full 0):
 garbage-first heap   total 94208K, used 30705K [0x0000000700000000, 0x0000000800000000)
  region size 2048K, 2 young (4096K), 2 survivors (4096K)
 Metaspace       used 44847K, committed 45312K, reserved 1114112K
  class space    used 5812K, committed 6016K, reserved 1048576K
}
Event: 9.945 GC heap before
{Heap before GC invocations=13 (full 0):
 garbage-first heap   total 94208K, used 69617K [0x0000000700000000, 0x0000000800000000)
  region size 2048K, 21 young (43008K), 2 survivors (4096K)
 Metaspace       used 49487K, committed 49920K, reserved 1114112K
  class space    used 6616K, committed 6848K, reserved 1048576K
}
Event: 9.949 GC heap after
{Heap after GC invocations=14 (full 0):
 garbage-first heap   total 94208K, used 32381K [0x0000000700000000, 0x0000000800000000)
  region size 2048K, 2 young (4096K), 2 survivors (4096K)
 Metaspace       used 49487K, committed 49920K, reserved 1114112K
  class space    used 6616K, committed 6848K, reserved 1048576K
}
Event: 11.610 GC heap before
{Heap before GC invocations=14 (full 0):
 garbage-first heap   total 94208K, used 71293K [0x0000000700000000, 0x0000000800000000)
  region size 2048K, 21 young (43008K), 2 survivors (4096K)
 Metaspace       used 55245K, committed 55744K, reserved 1114112K
  class space    used 7456K, committed 7680K, reserved 1048576K
}
Event: 11.615 GC heap after
{Heap after GC invocations=15 (full 0):
 garbage-first heap   total 94208K, used 34326K [0x0000000700000000, 0x0000000800000000)
  region size 2048K, 2 young (4096K), 2 survivors (4096K)
 Metaspace       used 55245K, committed 55744K, reserved 1114112K
  class space    used 7456K, committed 7680K, reserved 1048576K
}
Event: 12.992 GC heap before
{Heap before GC invocations=15 (full 0):
 garbage-first heap   total 94208K, used 73238K [0x0000000700000000, 0x0000000800000000)
  region size 2048K, 21 young (43008K), 2 survivors (4096K)
 Metaspace       used 59909K, committed 60416K, reserved 1114112K
  class space    used 8091K, committed 8320K, reserved 1048576K
}
Event: 12.996 GC heap after
{Heap after GC invocations=16 (full 0):
 garbage-first heap   total 94208K, used 36364K [0x0000000700000000, 0x0000000800000000)
  region size 2048K, 2 young (4096K), 2 survivors (4096K)
 Metaspace       used 59909K, committed 60416K, reserved 1114112K
  class space    used 8091K, committed 8320K, reserved 1048576K
}
Event: 13.004 GC heap before
{Heap before GC invocations=16 (full 0):
 garbage-first heap   total 94208K, used 36364K [0x0000000700000000, 0x0000000800000000)
  region size 2048K, 3 young (6144K), 2 survivors (4096K)
 Metaspace       used 59962K, committed 60480K, reserved 1114112K
  class space    used 8101K, committed 8384K, reserved 1048576K
}
Event: 13.007 GC heap after
{Heap after GC invocations=17 (full 0):
 garbage-first heap   total 94208K, used 36419K [0x0000000700000000, 0x0000000800000000)
  region size 2048K, 1 young (2048K), 1 survivors (2048K)
 Metaspace       used 59962K, committed 60480K, reserved 1114112K
  class space    used 8101K, committed 8384K, reserved 1048576K
}

